-------------------------------------------------------------------------------
Test set: com.paulo.springbootessentials.integration.AnimeControllerIT
-------------------------------------------------------------------------------
Tests run: 11, Failures: 2, Errors: 0, Skipped: 0, Time elapsed: 22.631 s <<< FAILURE! - in com.paulo.springbootessentials.integration.AnimeControllerIT
save_persistsANewAnime_whenSuccessful  Time elapsed: 1.998 s  <<< FAILURE!
org.opentest4j.AssertionFailedError: 

expected: 201 CREATED
 but was: 500 INTERNAL_SERVER_ERROR
	at com.paulo.springbootessentials.integration.AnimeControllerIT.save_persistsANewAnime_whenSuccessful(AnimeControllerIT.java:133)

replace_updatesAnime_whenSuccessful  Time elapsed: 1.775 s  <<< FAILURE!
org.opentest4j.AssertionFailedError: 

expected: 204 NO_CONTENT
 but was: 500 INTERNAL_SERVER_ERROR
	at com.paulo.springbootessentials.integration.AnimeControllerIT.replace_updatesAnime_whenSuccessful(AnimeControllerIT.java:144)

